INFO     Running translator.
INFO     translator stdin: None
INFO     translator time limit: 1799.95s
INFO     translator memory limit: 3584 MB
INFO     translator command line string: /infai/weidan00/downward/experiments/bachelor/.venv/bin/python3 /infai/weidan00/downward/experiments/bachelor/data/bachelor-v1/code-7aa5f34_e5e41175/builds/release/bin/translate/translate.py domain.pddl problem.pddl --sas-file output.sas
Parsing...
Parsing: [0.010s CPU, 0.010s wall-clock]
Normalizing task... [0.000s CPU, 0.000s wall-clock]
Instantiating...
Generating Datalog program... [0.000s CPU, 0.005s wall-clock]
Normalizing Datalog program...
Normalizing Datalog program: [0.010s CPU, 0.014s wall-clock]
Preparing model... [0.020s CPU, 0.013s wall-clock]
Generated 285 rules.
Computing model... [73.930s CPU, 74.184s wall-clock]
2103736 relevant atoms
62269 auxiliary atoms
2166005 final queue length
19446841 total queue pushes
Completing instantiation... [186.040s CPU, 186.937s wall-clock]
Instantiating: [261.170s CPU, 262.321s wall-clock]
Computing fact groups...
Finding invariants...
37 initial candidates
Finding invariants: [7.900s CPU, 7.940s wall-clock]
Checking invariant weight... [0.000s CPU, 0.000s wall-clock]
Instantiating groups... [0.000s CPU, 0.000s wall-clock]
Collecting mutex groups... [0.000s CPU, 0.001s wall-clock]
Choosing groups...
1052 uncovered facts
Choosing groups: [0.000s CPU, 0.000s wall-clock]
Building translation key... [0.000s CPU, 0.005s wall-clock]
Computing fact groups: [7.910s CPU, 7.957s wall-clock]
Building STRIPS to SAS dictionary... [0.010s CPU, 0.001s wall-clock]
Building dictionary for full mutex groups... [0.000s CPU, 0.001s wall-clock]
Building mutex information...
Building mutex information: [0.000s CPU, 0.001s wall-clock]
Translating task...
Processing axioms...
Simplifying axioms... [0.000s CPU, 0.000s wall-clock]
Processing axioms: [1.980s CPU, 1.989s wall-clock]
Translating task: [38.210s CPU, 38.631s wall-clock]
0 effect conditions simplified
0 implied preconditions added
Detecting unreachable propositions...

Translator ran out of memory, traceback:
===============================================================================
MemoryError

During handling of the above exception, another exception occurred:

MemoryError

During handling of the above exception, another exception occurred:

MemoryError

During handling of the above exception, another exception occurred:

Traceback (most recent call last):
  File "/infai/weidan00/downward/experiments/bachelor/data/bachelor-v1/code-7aa5f34_e5e41175/builds/release/bin/translate/translate.py", line 585, in pddl_to_sas
    simplify.filter_unreachable_propositions(sas_task)
  File "/infai/weidan00/downward/experiments/bachelor/data/bachelor-v1/code-7aa5f34_e5e41175/builds/release/bin/translate/simplify.py", line 517, in filter_unreachable_propositions
    renaming.apply_to_task(sas_task)
  File "/infai/weidan00/downward/experiments/bachelor/data/bachelor-v1/code-7aa5f34_e5e41175/builds/release/bin/translate/simplify.py", line 233, in apply_to_task
    self.apply_to_operators(task.operators)
  File "/infai/weidan00/downward/experiments/bachelor/data/bachelor-v1/code-7aa5f34_e5e41175/builds/release/bin/translate/simplify.py", line 302, in apply_to_operators
    new_op = self.translate_operator(op)
MemoryError

During handling of the above exception, another exception occurred:

Traceback (most recent call last):
  File "/infai/weidan00/downward/experiments/bachelor/data/bachelor-v1/code-7aa5f34_e5e41175/builds/release/bin/translate/translate.py", line 728, in <module>
    main()
MemoryError
===============================================================================
translate exit code: 20

Driver aborting after translate
search time limit missing -> can't compute time scores
search memory limit missing -> can't compute memory score
