INFO     Running translator.
INFO     translator stdin: None
INFO     translator time limit: 1799.96s
INFO     translator memory limit: 3584 MB
INFO     translator command line string: /infai/weidan00/downward/experiments/bachelor/.venv/bin/python3 /infai/weidan00/downward/experiments/bachelor/data/bachelor-v1/code-7aa5f34_e5e41175/builds/release/bin/translate/translate.py domain.pddl problem.pddl --sas-file output.sas
Parsing...
Parsing: [0.010s CPU, 0.010s wall-clock]
Normalizing task... [0.000s CPU, 0.000s wall-clock]
Instantiating...
Generating Datalog program... [0.000s CPU, 0.005s wall-clock]
Normalizing Datalog program...
Normalizing Datalog program: [0.010s CPU, 0.013s wall-clock]
Preparing model... [0.020s CPU, 0.013s wall-clock]
Generated 285 rules.
Computing model... [74.870s CPU, 75.060s wall-clock]
2103736 relevant atoms
62269 auxiliary atoms
2166005 final queue length
19446841 total queue pushes
Completing instantiation... [183.240s CPU, 183.794s wall-clock]
Instantiating: [259.150s CPU, 259.905s wall-clock]
Computing fact groups...
Finding invariants...
37 initial candidates
Finding invariants: [7.800s CPU, 7.822s wall-clock]
Checking invariant weight... [0.000s CPU, 0.000s wall-clock]
Instantiating groups... [0.000s CPU, 0.000s wall-clock]
Collecting mutex groups... [0.000s CPU, 0.000s wall-clock]
Choosing groups...
1052 uncovered facts
Choosing groups: [0.000s CPU, 0.000s wall-clock]
Building translation key... [0.010s CPU, 0.004s wall-clock]
Computing fact groups: [7.820s CPU, 7.838s wall-clock]
Building STRIPS to SAS dictionary... [0.000s CPU, 0.001s wall-clock]
Building dictionary for full mutex groups... [0.000s CPU, 0.001s wall-clock]
Building mutex information...
Building mutex information: [0.000s CPU, 0.001s wall-clock]
Translating task...
Processing axioms...
Simplifying axioms... [0.000s CPU, 0.000s wall-clock]
Processing axioms: [1.950s CPU, 1.955s wall-clock]
Translating task: [37.250s CPU, 37.349s wall-clock]
0 effect conditions simplified
0 implied preconditions added
Detecting unreachable propositions...

Translator ran out of memory, traceback:
===============================================================================
MemoryError

During handling of the above exception, another exception occurred:

Traceback (most recent call last):
  File "/infai/weidan00/downward/experiments/bachelor/data/bachelor-v1/code-7aa5f34_e5e41175/builds/release/bin/translate/simplify.py", line 381, in translate_operator
    cost=op.cost)
  File "/infai/weidan00/downward/experiments/bachelor/data/bachelor-v1/code-7aa5f34_e5e41175/builds/release/bin/translate/sas_tasks.py", line 257, in __init__
    self.pre_post = self._canonical_pre_post(pre_post)
  File "/infai/weidan00/downward/experiments/bachelor/data/bachelor-v1/code-7aa5f34_e5e41175/builds/release/bin/translate/sas_tasks.py", line 272, in _canonical_pre_post
    pre_post = list(map(listify, pre_post))
MemoryError

During handling of the above exception, another exception occurred:

MemoryError

During handling of the above exception, another exception occurred:

MemoryError

During handling of the above exception, another exception occurred:

MemoryError

During handling of the above exception, another exception occurred:

MemoryError

During handling of the above exception, another exception occurred:

MemoryError

During handling of the above exception, another exception occurred:

MemoryError

During handling of the above exception, another exception occurred:

MemoryError

During handling of the above exception, another exception occurred:

MemoryError
===============================================================================
translate exit code: 20

Driver aborting after translate
search time limit missing -> can't compute time scores
search memory limit missing -> can't compute memory score
