INFO     Running translator.
INFO     translator stdin: None
INFO     translator time limit: 1799.96s
INFO     translator memory limit: 3584 MB
INFO     translator command line string: /infai/weidan00/downward/experiments/bachelor/.venv/bin/python3 /infai/weidan00/downward/experiments/bachelor/data/bachelor-v1/code-7aa5f34_e5e41175/builds/release/bin/translate/translate.py domain.pddl problem.pddl --sas-file output.sas
Parsing...
Parsing: [0.010s CPU, 0.009s wall-clock]
Normalizing task... [0.000s CPU, 0.000s wall-clock]
Instantiating...
Generating Datalog program... [0.000s CPU, 0.007s wall-clock]
Normalizing Datalog program...
Normalizing Datalog program: [0.010s CPU, 0.013s wall-clock]
Preparing model... [0.020s CPU, 0.016s wall-clock]
Generated 285 rules.
Computing model... [194.320s CPU, 194.933s wall-clock]
5642130 relevant atoms
109251 auxiliary atoms
5751381 final queue length
52662783 total queue pushes
Completing instantiation... 
Translator ran out of memory, traceback:
===============================================================================
MemoryError

During handling of the above exception, another exception occurred:

Traceback (most recent call last):
  File "/infai/weidan00/downward/experiments/bachelor/data/bachelor-v1/code-7aa5f34_e5e41175/builds/release/bin/translate/instantiate.py", line 64, in instantiate
    task.use_min_cost_metric)
  File "/infai/weidan00/downward/experiments/bachelor/data/bachelor-v1/code-7aa5f34_e5e41175/builds/release/bin/translate/pddl/actions.py", line 98, in instantiate
    return PropositionalAction(name, precondition, effects, cost)
MemoryError

During handling of the above exception, another exception occurred:

MemoryError

During handling of the above exception, another exception occurred:

MemoryError

During handling of the above exception, another exception occurred:

MemoryError

During handling of the above exception, another exception occurred:

MemoryError

During handling of the above exception, another exception occurred:

MemoryError

During handling of the above exception, another exception occurred:

MemoryError

During handling of the above exception, another exception occurred:

MemoryError

During handling of the above exception, another exception occurred:

MemoryError

During handling of the above exception, another exception occurred:

MemoryError

During handling of the above exception, another exception occurred:

MemoryError

During handling of the above exception, another exception occurred:

MemoryError

During handling of the above exception, another exception occurred:

MemoryError

During handling of the above exception, another exception occurred:

MemoryError

During handling of the above exception, another exception occurred:

MemoryError
===============================================================================
translate exit code: 20

Driver aborting after translate
search time limit missing -> can't compute time scores
search memory limit missing -> can't compute memory score
